Arguments: 
  D:\Program Files\nodejs\node.exe C:\Users\Taylor\AppData\Roaming\npm\node_modules\yarn\bin\yarn.js build

PATH: 
  C:\ProgramData\Oracle\Java\javapath;C:\Windows\system32;C:\Windows;C:\Windows\System32\Wbem;C:\Windows\System32\WindowsPowerShell\v1.0\;D:\Program Files\nodejs\;C:\Program Files (x86)\NVIDIA Corporation\PhysX\Common;C:\Program Files\MongoDB\Server\3.6\bin;D:\Program Files\Git\cmd;C:\Program Files\dotnet\;C:\Program Files\Microsoft SQL Server\130\Tools\Binn\;C:\Users\Taylor\AppData\Local\Microsoft\WindowsApps;;D:\Program Files\Microsoft VS Code\bin;C:\Users\Taylor\AppData\Roaming\npm;D:\Program Files\Heroku\bin

Yarn version: 
  1.5.1

Node version: 
  9.8.0

Platform: 
  win32 x64

npm manifest: 
  {
    "name": "20_session_4_15_18",
    "version": "1.0.0",
    "description": "",
    "main": "server.js",
    "dependencies": {
      "body-parser": "^1.18.2",
      "express": "^4.16.3",
      "express-session": "^1.15.6",
      "mongodb": "^3.0.6",
      "mongoose": "^5.0.14",
      "passport": "^0.4.0",
      "passport-local": "^1.0.0"
    },
    "devDependencies": {},
    "scripts": {
      "start": "nodemon server.js"
    },
    "keywords": [],
    "author": "",
    "license": "ISC"
  }

yarn manifest: 
  No manifest

Lockfile: 
  No lockfile

Trace: 
  Error: Command "build" not found.
      at new MessageError (C:\Users\Taylor\AppData\Roaming\npm\node_modules\yarn\lib\cli.js:186:110)
      at C:\Users\Taylor\AppData\Roaming\npm\node_modules\yarn\lib\cli.js:87307:17
      at Generator.next (<anonymous>)
      at step (C:\Users\Taylor\AppData\Roaming\npm\node_modules\yarn\lib\cli.js:98:30)
      at C:\Users\Taylor\AppData\Roaming\npm\node_modules\yarn\lib\cli.js:116:14
      at new Promise (<anonymous>)
      at new F (C:\Users\Taylor\AppData\Roaming\npm\node_modules\yarn\lib\cli.js:23451:28)
      at C:\Users\Taylor\AppData\Roaming\npm\node_modules\yarn\lib\cli.js:95:12
      at runCommand (C:\Users\Taylor\AppData\Roaming\npm\node_modules\yarn\lib\cli.js:87312:22)
      at Object.<anonymous> (C:\Users\Taylor\AppData\Roaming\npm\node_modules\yarn\lib\cli.js:87412:14)
